0 info it worked if it ends with ok
1 verbose cli [ '/usr/local/bin/node',
1 verbose cli   '/usr/local/bin/npm',
1 verbose cli   'install',
1 verbose cli   'karma-covarage',
1 verbose cli   '--save-dev' ]
2 info using npm@2.14.7
3 info using node@v4.2.2
4 verbose config Skipping project config: /home/employee/.npmrc. (matches userconfig)
5 verbose install initial load of /home/employee/package.json
6 verbose installManyTop reading scoped package data from /home/employee/node_modules/jasmine-core/package.json
7 verbose installManyTop reading scoped package data from /home/employee/node_modules/karma/package.json
8 verbose installManyTop reading scoped package data from /home/employee/node_modules/karma-chrome-launcher/package.json
9 verbose installManyTop reading scoped package data from /home/employee/node_modules/karma-jasmine/package.json
10 verbose readDependencies loading dependencies from /home/employee/package.json
11 silly cache add args [ 'karma-covarage', null ]
12 verbose cache add spec karma-covarage
13 silly cache add parsed spec Result {
13 silly cache add   raw: 'karma-covarage',
13 silly cache add   scope: null,
13 silly cache add   name: 'karma-covarage',
13 silly cache add   rawSpec: '',
13 silly cache add   spec: '*',
13 silly cache add   type: 'range' }
14 silly addNamed karma-covarage@*
15 verbose addNamed "*" is a valid semver range for karma-covarage
16 silly addNameRange { name: 'karma-covarage', range: '*', hasData: false }
17 silly mapToRegistry name karma-covarage
18 silly mapToRegistry using default registry
19 silly mapToRegistry registry https://registry.npmjs.org/
20 silly mapToRegistry uri https://registry.npmjs.org/karma-covarage
21 verbose addNameRange registry:https://registry.npmjs.org/karma-covarage not in flight; fetching
22 verbose request uri https://registry.npmjs.org/karma-covarage
23 verbose request no auth needed
24 info attempt registry request try #1 at 2:02:47 PM
25 verbose request id 74b861b4fe3e0720
26 http request GET https://registry.npmjs.org/karma-covarage
27 http 404 https://registry.npmjs.org/karma-covarage
28 verbose headers { 'content-type': 'application/json',
28 verbose headers   'cache-control': 'max-age=0',
28 verbose headers   'content-length': '2',
28 verbose headers   'accept-ranges': 'bytes',
28 verbose headers   date: 'Thu, 19 Nov 2015 12:04:01 GMT',
28 verbose headers   via: '1.1 varnish',
28 verbose headers   age: '0',
28 verbose headers   connection: 'keep-alive',
28 verbose headers   'x-served-by': 'cache-fra1226-FRA',
28 verbose headers   'x-cache': 'MISS',
28 verbose headers   'x-cache-hits': '0',
28 verbose headers   'x-timer': 'S1447934641.365387,VS0,VE105' }
29 silly get cb [ 404,
29 silly get   { 'content-type': 'application/json',
29 silly get     'cache-control': 'max-age=0',
29 silly get     'content-length': '2',
29 silly get     'accept-ranges': 'bytes',
29 silly get     date: 'Thu, 19 Nov 2015 12:04:01 GMT',
29 silly get     via: '1.1 varnish',
29 silly get     age: '0',
29 silly get     connection: 'keep-alive',
29 silly get     'x-served-by': 'cache-fra1226-FRA',
29 silly get     'x-cache': 'MISS',
29 silly get     'x-cache-hits': '0',
29 silly get     'x-timer': 'S1447934641.365387,VS0,VE105' } ]
30 verbose stack Error: Registry returned 404 for GET on https://registry.npmjs.org/karma-covarage
30 verbose stack     at makeError (/usr/local/lib/node_modules/npm/node_modules/npm-registry-client/lib/request.js:264:12)
30 verbose stack     at CachingRegistryClient.<anonymous> (/usr/local/lib/node_modules/npm/node_modules/npm-registry-client/lib/request.js:242:14)
30 verbose stack     at Request._callback (/usr/local/lib/node_modules/npm/node_modules/npm-registry-client/lib/request.js:172:14)
30 verbose stack     at Request.self.callback (/usr/local/lib/node_modules/npm/node_modules/request/request.js:198:22)
30 verbose stack     at emitTwo (events.js:87:13)
30 verbose stack     at Request.emit (events.js:172:7)
30 verbose stack     at Request.<anonymous> (/usr/local/lib/node_modules/npm/node_modules/request/request.js:1063:14)
30 verbose stack     at emitOne (events.js:82:20)
30 verbose stack     at Request.emit (events.js:169:7)
30 verbose stack     at IncomingMessage.<anonymous> (/usr/local/lib/node_modules/npm/node_modules/request/request.js:1009:12)
31 verbose statusCode 404
32 verbose pkgid karma-covarage
33 verbose cwd /home/employee/JS Projects/Zoo
34 error Linux 3.13.0-24-generic
35 error argv "/usr/local/bin/node" "/usr/local/bin/npm" "install" "karma-covarage" "--save-dev"
36 error node v4.2.2
37 error npm  v2.14.7
38 error code E404
39 error 404 Registry returned 404 for GET on https://registry.npmjs.org/karma-covarage
39 error 404
39 error 404 'karma-covarage' is not in the npm registry.
39 error 404 You should bug the author to publish it (or use the name yourself!)
39 error 404
39 error 404 Note that you can also install from a
39 error 404 tarball, folder, http url, or git url.
40 verbose exit [ 1, true ]
